Warning: you requested the nanomsg event logger, but bmv2 was compiled without -DBMELOG, and the event logger cannot be activated
Calling target program-options parser
[17:21:32.160] [bmv2] [D] [thread 13091] Set default default entry for table 'MyIngress.forwarding': MyIngress.drop - 
[17:21:32.165] [bmv2] [D] [thread 13091] Set default default entry for table 'tbl_drop': MyIngress.drop - 
[17:21:32.165] [bmv2] [D] [thread 13091] Set default default entry for table 'MyIngress.tcp_flag_ack_match': MyIngress.attach_ingress_global_timestamp - 
[17:21:32.165] [bmv2] [D] [thread 13091] Set default default entry for table 'tbl_drop_0': MyIngress.drop - 
[17:21:32.165] [bmv2] [D] [thread 13091] Set default default entry for table 'MyEgress.tcp_flag_ack_match': NoAction - 
[17:21:32.166] [bmv2] [D] [thread 13091] Set default default entry for table 'tbl_drop_1': MyEgress.drop - 
Adding interface s1-eth1 as port 1
[17:21:32.198] [bmv2] [D] [thread 13091] Adding interface s1-eth1 as port 1
Adding interface s1-eth2 as port 2
[17:21:32.201] [bmv2] [D] [thread 13091] Adding interface s1-eth2 as port 2
[17:21:32.203] [bmv2] [I] [thread 13091] Starting Thrift server on port 9090
[17:21:32.204] [bmv2] [I] [thread 13091] Thrift server was started
[17:21:32.557] [bmv2] [T] [thread 13125] bm_get_config
[17:21:32.561] [bmv2] [T] [thread 13125] bm_table_add_entry
[17:21:32.562] [bmv2] [D] [thread 13125] Entry 0 added to table 'MyIngress.forwarding'
[17:21:32.562] [bmv2] [D] [thread 13125] Dumping entry 0
Match key:
* standard_metadata.ingress_port: EXACT     0001
Action entry: MyIngress.forward - 2,

[17:21:32.562] [bmv2] [T] [thread 13125] bm_table_add_entry
[17:21:32.562] [bmv2] [D] [thread 13125] Entry 1 added to table 'MyIngress.forwarding'
[17:21:32.562] [bmv2] [D] [thread 13125] Dumping entry 1
Match key:
* standard_metadata.ingress_port: EXACT     0002
Action entry: MyIngress.forward - 1,

[17:21:32.563] [bmv2] [T] [thread 13125] bm_table_add_entry
[17:21:32.563] [bmv2] [D] [thread 13125] Entry 0 added to table 'MyEgress.tcp_flag_ack_match'
[17:21:32.563] [bmv2] [D] [thread 13125] Dumping entry 0
Match key:
* hdr.tcp.ack         : EXACT     01
Action entry: MyEgress.rtt - 

[17:22:39.283] [bmv2] [D] [thread 13097] [0.0] [cxt 0] Processing packet received on port 1
[17:22:39.283] [bmv2] [D] [thread 13097] [0.0] [cxt 0] Parser 'parser': start
[17:22:39.283] [bmv2] [D] [thread 13097] [0.0] [cxt 0] Parser 'parser' entering state 'start'
[17:22:39.283] [bmv2] [D] [thread 13097] [0.0] [cxt 0] Extracting header 'ethernet'
[17:22:39.283] [bmv2] [D] [thread 13097] [0.0] [cxt 0] Parser state 'start': key is 0800
[17:22:39.283] [bmv2] [T] [thread 13097] [0.0] [cxt 0] Bytes parsed: 14
[17:22:39.283] [bmv2] [D] [thread 13097] [0.0] [cxt 0] Parser 'parser' entering state 'parse_ipv4'
[17:22:39.283] [bmv2] [D] [thread 13097] [0.0] [cxt 0] Extracting header 'ipv4'
[17:22:39.283] [bmv2] [D] [thread 13097] [0.0] [cxt 0] Parser state 'parse_ipv4': key is 06
[17:22:39.283] [bmv2] [T] [thread 13097] [0.0] [cxt 0] Bytes parsed: 34
[17:22:39.283] [bmv2] [D] [thread 13097] [0.0] [cxt 0] Parser 'parser' entering state 'parse_tcp'
[17:22:39.283] [bmv2] [D] [thread 13097] [0.0] [cxt 0] Extracting header 'tcp'
[17:22:39.283] [bmv2] [D] [thread 13097] [0.0] [cxt 0] Parser state 'parse_tcp' has no switch, going to default next state
[17:22:39.283] [bmv2] [T] [thread 13097] [0.0] [cxt 0] Bytes parsed: 54
[17:22:39.283] [bmv2] [D] [thread 13097] [0.0] [cxt 0] Parser 'parser': end
[17:22:39.283] [bmv2] [D] [thread 13097] [0.0] [cxt 0] Pipeline 'ingress': start
[17:22:39.283] [bmv2] [T] [thread 13097] [0.0] [cxt 0] /home/p4/Desktop/p4/p4_rtt/ingress.p4(98) Condition "hdr.ipv4.isValid()" (node_2) is true
[17:22:39.283] [bmv2] [T] [thread 13097] [0.0] [cxt 0] Applying table 'MyIngress.forwarding'
[17:22:39.283] [bmv2] [D] [thread 13097] [0.0] [cxt 0] Looking up key:
* standard_metadata.ingress_port: 0001

[17:22:39.283] [bmv2] [D] [thread 13097] [0.0] [cxt 0] Table 'MyIngress.forwarding': hit with handle 0
[17:22:39.283] [bmv2] [D] [thread 13097] [0.0] [cxt 0] Dumping entry 0
Match key:
* standard_metadata.ingress_port: EXACT     0001
Action entry: MyIngress.forward - 2,

[17:22:39.283] [bmv2] [D] [thread 13097] [0.0] [cxt 0] Action entry is MyIngress.forward - 2,
[17:22:39.283] [bmv2] [T] [thread 13097] [0.0] [cxt 0] Action MyIngress.forward
[17:22:39.283] [bmv2] [T] [thread 13097] [0.0] [cxt 0] /home/p4/Desktop/p4/p4_rtt/ingress.p4(68) Primitive standard_metadata.egress_spec = port
[17:22:39.283] [bmv2] [T] [thread 13097] [0.0] [cxt 0] /home/p4/Desktop/p4/p4_rtt/ingress.p4(23) Primitive meta.flowID = hdr.ipv4.srcAddr ++ hdr.ipv4.dstAddr ++ hdr.tcp.srcPort ++ hdr.tcp.dstPort
[17:22:39.283] [bmv2] [T] [thread 13097] [0.0] [cxt 0] /home/p4/Desktop/p4/p4_rtt/ingress.p4(23) Primitive hdr.ipv4.srcAddr ++ hdr.ipv4.dstAddr ++ hdr.tcp.srcPort ++ hdr.tcp.dstPort
[17:22:39.283] [bmv2] [T] [thread 13097] [0.0] [cxt 0] /home/p4/Desktop/p4/p4_rtt/ingress.p4(27) Primitive hash(meta.hash_key, ...
[17:22:39.283] [bmv2] [T] [thread 13097] [0.0] [cxt 0] hash(base=0, max=120) = 41
[17:22:39.283] [bmv2] [T] [thread 13097] [0.0] [cxt 0] /home/p4/Desktop/p4/p4_rtt/ingress.p4(38) Primitive timestamp.read(previous_timestamp, meta.hash_key)
[17:22:39.283] [bmv2] [T] [thread 13097] [0.0] [cxt 0] Read register 'timestamp' at index 41 read value 0
[17:22:39.283] [bmv2] [T] [thread 13097] [0.0] [cxt 0] /home/p4/Desktop/p4/p4_rtt/ingress.p4(39) Primitive arr.read(flow_cnt,meta.hash_key)
[17:22:39.283] [bmv2] [T] [thread 13097] [0.0] [cxt 0] Read register 'arr' at index 41 read value 0
[17:22:39.283] [bmv2] [T] [thread 13097] [0.0] [cxt 0] /home/p4/Desktop/p4/p4_rtt/ingress.p4(40) Primitive total_flows.read(cnt,0)
[17:22:39.283] [bmv2] [T] [thread 13097] [0.0] [cxt 0] Read register 'total_flows' at index 0 read value 0
[17:22:39.283] [bmv2] [T] [thread 13097] [0.0] [cxt 0] Primitive (no source info)
[17:22:39.283] [bmv2] [T] [thread 13097] [0.0] [cxt 0] Primitive (no source info)
[17:22:39.283] [bmv2] [T] [thread 13097] [0.0] [cxt 0] Primitive (no source info)
[17:22:39.283] [bmv2] [T] [thread 13097] [0.0] [cxt 0] /home/p4/Desktop/p4/p4_rtt/ingress.p4(53) Primitive timestamp.write(meta.hash_key, current_timestamp)
[17:22:39.283] [bmv2] [T] [thread 13097] [0.0] [cxt 0] Wrote register 'timestamp' at index 41 with value 67129479
[17:22:39.283] [bmv2] [T] [thread 13097] [0.0] [cxt 0] /home/p4/Desktop/p4/p4_rtt/ingress.p4(54) Primitive arr.write(meta.hash_key,flow_cnt)
[17:22:39.283] [bmv2] [T] [thread 13097] [0.0] [cxt 0] Wrote register 'arr' at index 41 with value 1
[17:22:39.283] [bmv2] [T] [thread 13097] [0.0] [cxt 0] /home/p4/Desktop/p4/p4_rtt/ingress.p4(55) Primitive total_flows.write(0,cnt)
[17:22:39.283] [bmv2] [T] [thread 13097] [0.0] [cxt 0] Wrote register 'total_flows' at index 0 with value 0
[17:22:39.283] [bmv2] [T] [thread 13097] [0.0] [cxt 0] /home/p4/Desktop/p4/p4_rtt/ingress.p4(104) Condition "hdr.tcp.isValid()" (node_5) is true
[17:22:39.283] [bmv2] [T] [thread 13097] [0.0] [cxt 0] /home/p4/Desktop/p4/p4_rtt/ingress.p4(105) Condition "hdr.tcp.rst != 1w1" (node_6) is true
[17:22:39.283] [bmv2] [T] [thread 13097] [0.0] [cxt 0] Applying table 'MyIngress.tcp_flag_ack_match'
[17:22:39.283] [bmv2] [D] [thread 13097] [0.0] [cxt 0] Looking up key:
* hdr.tcp.ack         : 00

[17:22:39.283] [bmv2] [D] [thread 13097] [0.0] [cxt 0] Table 'MyIngress.tcp_flag_ack_match': miss
[17:22:39.283] [bmv2] [D] [thread 13097] [0.0] [cxt 0] Action entry is MyIngress.attach_ingress_global_timestamp - 
[17:22:39.283] [bmv2] [T] [thread 13097] [0.0] [cxt 0] Action MyIngress.attach_ingress_global_timestamp
[17:22:39.283] [bmv2] [T] [thread 13097] [0.0] [cxt 0] /home/p4/Desktop/p4/p4_rtt/ingress.p4(64) Primitive hdr.ethernet.srcAddr = standard_metadata.ingress_global_timestamp
[17:22:39.283] [bmv2] [D] [thread 13097] [0.0] [cxt 0] Pipeline 'ingress': end
[17:22:39.283] [bmv2] [D] [thread 13097] [0.0] [cxt 0] Egress port is 2
[17:22:39.284] [bmv2] [D] [thread 13100] [0.0] [cxt 0] Pipeline 'egress': start
[17:22:39.284] [bmv2] [T] [thread 13100] [0.0] [cxt 0] /home/p4/Desktop/p4/p4_rtt/egress.p4(28) Condition "hdr.tcp.isValid()" (node_11) is true
[17:22:39.284] [bmv2] [T] [thread 13100] [0.0] [cxt 0] /home/p4/Desktop/p4/p4_rtt/egress.p4(29) Condition "hdr.tcp.rst != 1w1" (node_12) is true
[17:22:39.284] [bmv2] [T] [thread 13100] [0.0] [cxt 0] Applying table 'MyEgress.tcp_flag_ack_match'
[17:22:39.284] [bmv2] [D] [thread 13100] [0.0] [cxt 0] Looking up key:
* hdr.tcp.ack         : 00

[17:22:39.284] [bmv2] [D] [thread 13100] [0.0] [cxt 0] Table 'MyEgress.tcp_flag_ack_match': miss
[17:22:39.284] [bmv2] [D] [thread 13100] [0.0] [cxt 0] Action entry is NoAction - 
[17:22:39.284] [bmv2] [T] [thread 13100] [0.0] [cxt 0] Action NoAction
[17:22:39.284] [bmv2] [D] [thread 13100] [0.0] [cxt 0] Pipeline 'egress': end
[17:22:39.284] [bmv2] [D] [thread 13100] [0.0] [cxt 0] Deparser 'deparser': start
[17:22:39.284] [bmv2] [D] [thread 13100] [0.0] [cxt 0] Deparsing header 'ethernet'
[17:22:39.284] [bmv2] [D] [thread 13100] [0.0] [cxt 0] Deparsing header 'ipv4'
[17:22:39.284] [bmv2] [D] [thread 13100] [0.0] [cxt 0] Deparsing header 'tcp'
[17:22:39.284] [bmv2] [D] [thread 13100] [0.0] [cxt 0] Deparser 'deparser': end
[17:22:39.284] [bmv2] [D] [thread 13102] [0.0] [cxt 0] Transmitting packet of size 54 out of port 2
[17:22:39.295] [bmv2] [D] [thread 13097] [1.0] [cxt 0] Processing packet received on port 2
[17:22:39.295] [bmv2] [D] [thread 13097] [1.0] [cxt 0] Parser 'parser': start
[17:22:39.295] [bmv2] [D] [thread 13097] [1.0] [cxt 0] Parser 'parser' entering state 'start'
[17:22:39.295] [bmv2] [D] [thread 13097] [1.0] [cxt 0] Extracting header 'ethernet'
[17:22:39.295] [bmv2] [D] [thread 13097] [1.0] [cxt 0] Parser state 'start': key is 0800
[17:22:39.295] [bmv2] [T] [thread 13097] [1.0] [cxt 0] Bytes parsed: 14
[17:22:39.295] [bmv2] [D] [thread 13097] [1.0] [cxt 0] Parser 'parser' entering state 'parse_ipv4'
[17:22:39.295] [bmv2] [D] [thread 13097] [1.0] [cxt 0] Extracting header 'ipv4'
[17:22:39.295] [bmv2] [D] [thread 13097] [1.0] [cxt 0] Parser state 'parse_ipv4': key is 06
[17:22:39.295] [bmv2] [T] [thread 13097] [1.0] [cxt 0] Bytes parsed: 34
[17:22:39.295] [bmv2] [D] [thread 13097] [1.0] [cxt 0] Parser 'parser' entering state 'parse_tcp'
[17:22:39.295] [bmv2] [D] [thread 13097] [1.0] [cxt 0] Extracting header 'tcp'
[17:22:39.295] [bmv2] [D] [thread 13097] [1.0] [cxt 0] Parser state 'parse_tcp' has no switch, going to default next state
[17:22:39.295] [bmv2] [T] [thread 13097] [1.0] [cxt 0] Bytes parsed: 54
[17:22:39.295] [bmv2] [D] [thread 13097] [1.0] [cxt 0] Parser 'parser': end
[17:22:39.295] [bmv2] [D] [thread 13097] [1.0] [cxt 0] Pipeline 'ingress': start
[17:22:39.295] [bmv2] [T] [thread 13097] [1.0] [cxt 0] /home/p4/Desktop/p4/p4_rtt/ingress.p4(98) Condition "hdr.ipv4.isValid()" (node_2) is true
[17:22:39.295] [bmv2] [T] [thread 13097] [1.0] [cxt 0] Applying table 'MyIngress.forwarding'
[17:22:39.296] [bmv2] [D] [thread 13097] [1.0] [cxt 0] Looking up key:
* standard_metadata.ingress_port: 0002

[17:22:39.296] [bmv2] [D] [thread 13097] [1.0] [cxt 0] Table 'MyIngress.forwarding': hit with handle 1
[17:22:39.296] [bmv2] [D] [thread 13097] [1.0] [cxt 0] Dumping entry 1
Match key:
* standard_metadata.ingress_port: EXACT     0002
Action entry: MyIngress.forward - 1,

[17:22:39.296] [bmv2] [D] [thread 13097] [1.0] [cxt 0] Action entry is MyIngress.forward - 1,
[17:22:39.296] [bmv2] [T] [thread 13097] [1.0] [cxt 0] Action MyIngress.forward
[17:22:39.296] [bmv2] [T] [thread 13097] [1.0] [cxt 0] /home/p4/Desktop/p4/p4_rtt/ingress.p4(68) Primitive standard_metadata.egress_spec = port
[17:22:39.296] [bmv2] [T] [thread 13097] [1.0] [cxt 0] /home/p4/Desktop/p4/p4_rtt/ingress.p4(23) Primitive meta.flowID = hdr.ipv4.srcAddr ++ hdr.ipv4.dstAddr ++ hdr.tcp.srcPort ++ hdr.tcp.dstPort
[17:22:39.296] [bmv2] [T] [thread 13097] [1.0] [cxt 0] /home/p4/Desktop/p4/p4_rtt/ingress.p4(23) Primitive hdr.ipv4.srcAddr ++ hdr.ipv4.dstAddr ++ hdr.tcp.srcPort ++ hdr.tcp.dstPort
[17:22:39.296] [bmv2] [T] [thread 13097] [1.0] [cxt 0] /home/p4/Desktop/p4/p4_rtt/ingress.p4(27) Primitive hash(meta.hash_key, ...
[17:22:39.296] [bmv2] [T] [thread 13097] [1.0] [cxt 0] hash(base=0, max=120) = 50
[17:22:39.296] [bmv2] [T] [thread 13097] [1.0] [cxt 0] /home/p4/Desktop/p4/p4_rtt/ingress.p4(38) Primitive timestamp.read(previous_timestamp, meta.hash_key)
[17:22:39.296] [bmv2] [T] [thread 13097] [1.0] [cxt 0] Read register 'timestamp' at index 50 read value 0
[17:22:39.296] [bmv2] [T] [thread 13097] [1.0] [cxt 0] /home/p4/Desktop/p4/p4_rtt/ingress.p4(39) Primitive arr.read(flow_cnt,meta.hash_key)
[17:22:39.296] [bmv2] [T] [thread 13097] [1.0] [cxt 0] Read register 'arr' at index 50 read value 0
[17:22:39.296] [bmv2] [T] [thread 13097] [1.0] [cxt 0] /home/p4/Desktop/p4/p4_rtt/ingress.p4(40) Primitive total_flows.read(cnt,0)
[17:22:39.296] [bmv2] [T] [thread 13097] [1.0] [cxt 0] Read register 'total_flows' at index 0 read value 0
[17:22:39.296] [bmv2] [T] [thread 13097] [1.0] [cxt 0] Primitive (no source info)
[17:22:39.296] [bmv2] [T] [thread 13097] [1.0] [cxt 0] Primitive (no source info)
[17:22:39.296] [bmv2] [T] [thread 13097] [1.0] [cxt 0] Primitive (no source info)
[17:22:39.296] [bmv2] [T] [thread 13097] [1.0] [cxt 0] /home/p4/Desktop/p4/p4_rtt/ingress.p4(53) Primitive timestamp.write(meta.hash_key, current_timestamp)
[17:22:39.296] [bmv2] [T] [thread 13097] [1.0] [cxt 0] Wrote register 'timestamp' at index 50 with value 67142030
[17:22:39.296] [bmv2] [T] [thread 13097] [1.0] [cxt 0] /home/p4/Desktop/p4/p4_rtt/ingress.p4(54) Primitive arr.write(meta.hash_key,flow_cnt)
[17:22:39.296] [bmv2] [T] [thread 13097] [1.0] [cxt 0] Wrote register 'arr' at index 50 with value 1
[17:22:39.296] [bmv2] [T] [thread 13097] [1.0] [cxt 0] /home/p4/Desktop/p4/p4_rtt/ingress.p4(55) Primitive total_flows.write(0,cnt)
[17:22:39.296] [bmv2] [T] [thread 13097] [1.0] [cxt 0] Wrote register 'total_flows' at index 0 with value 0
[17:22:39.296] [bmv2] [T] [thread 13097] [1.0] [cxt 0] /home/p4/Desktop/p4/p4_rtt/ingress.p4(104) Condition "hdr.tcp.isValid()" (node_5) is true
[17:22:39.296] [bmv2] [T] [thread 13097] [1.0] [cxt 0] /home/p4/Desktop/p4/p4_rtt/ingress.p4(105) Condition "hdr.tcp.rst != 1w1" (node_6) is true
[17:22:39.296] [bmv2] [T] [thread 13097] [1.0] [cxt 0] Applying table 'MyIngress.tcp_flag_ack_match'
[17:22:39.296] [bmv2] [D] [thread 13097] [1.0] [cxt 0] Looking up key:
* hdr.tcp.ack         : 01

[17:22:39.296] [bmv2] [D] [thread 13097] [1.0] [cxt 0] Table 'MyIngress.tcp_flag_ack_match': miss
[17:22:39.296] [bmv2] [D] [thread 13097] [1.0] [cxt 0] Action entry is MyIngress.attach_ingress_global_timestamp - 
[17:22:39.296] [bmv2] [T] [thread 13097] [1.0] [cxt 0] Action MyIngress.attach_ingress_global_timestamp
[17:22:39.296] [bmv2] [T] [thread 13097] [1.0] [cxt 0] /home/p4/Desktop/p4/p4_rtt/ingress.p4(64) Primitive hdr.ethernet.srcAddr = standard_metadata.ingress_global_timestamp
[17:22:39.296] [bmv2] [D] [thread 13097] [1.0] [cxt 0] Pipeline 'ingress': end
[17:22:39.296] [bmv2] [D] [thread 13097] [1.0] [cxt 0] Egress port is 1
[17:22:39.296] [bmv2] [D] [thread 13099] [1.0] [cxt 0] Pipeline 'egress': start
[17:22:39.296] [bmv2] [T] [thread 13099] [1.0] [cxt 0] /home/p4/Desktop/p4/p4_rtt/egress.p4(28) Condition "hdr.tcp.isValid()" (node_11) is true
[17:22:39.296] [bmv2] [T] [thread 13099] [1.0] [cxt 0] /home/p4/Desktop/p4/p4_rtt/egress.p4(29) Condition "hdr.tcp.rst != 1w1" (node_12) is true
[17:22:39.296] [bmv2] [T] [thread 13099] [1.0] [cxt 0] Applying table 'MyEgress.tcp_flag_ack_match'
[17:22:39.296] [bmv2] [D] [thread 13099] [1.0] [cxt 0] Looking up key:
* hdr.tcp.ack         : 01

[17:22:39.296] [bmv2] [D] [thread 13099] [1.0] [cxt 0] Table 'MyEgress.tcp_flag_ack_match': hit with handle 0
[17:22:39.296] [bmv2] [D] [thread 13099] [1.0] [cxt 0] Dumping entry 0
Match key:
* hdr.tcp.ack         : EXACT     01
Action entry: MyEgress.rtt - 

[17:22:39.296] [bmv2] [D] [thread 13099] [1.0] [cxt 0] Action entry is MyEgress.rtt - 
[17:22:39.296] [bmv2] [T] [thread 13099] [1.0] [cxt 0] Action MyEgress.rtt
[17:22:39.296] [bmv2] [T] [thread 13099] [1.0] [cxt 0] /home/p4/Desktop/p4/p4_rtt/egress.p4(13) Primitive standard_metadata.egress_global_timestamp - hdr.ethernet.srcAddr
[17:22:39.296] [bmv2] [T] [thread 13099] [1.0] [cxt 0] /home/p4/Desktop/p4/p4_rtt/egress.p4(13) Primitive rtt_val.write(0, standard_metadata.egress_global_timestamp - hdr.ethernet.srcAddr)
[17:22:39.296] [bmv2] [T] [thread 13099] [1.0] [cxt 0] Wrote register 'rtt_val' at index 0 with value 751
[17:22:39.296] [bmv2] [T] [thread 13099] [1.0] [cxt 0] /home/p4/Desktop/p4/p4_rtt/egress.p4(14) Primitive hdr.ethernet.srcAddr = standard_metadata.egress_global_timestamp - hdr.ethernet.srcAddr
[17:22:39.296] [bmv2] [D] [thread 13099] [1.0] [cxt 0] Pipeline 'egress': end
[17:22:39.296] [bmv2] [D] [thread 13099] [1.0] [cxt 0] Deparser 'deparser': start
[17:22:39.296] [bmv2] [D] [thread 13099] [1.0] [cxt 0] Deparsing header 'ethernet'
[17:22:39.296] [bmv2] [D] [thread 13099] [1.0] [cxt 0] Deparsing header 'ipv4'
[17:22:39.296] [bmv2] [D] [thread 13099] [1.0] [cxt 0] Deparsing header 'tcp'
[17:22:39.296] [bmv2] [D] [thread 13099] [1.0] [cxt 0] Deparser 'deparser': end
[17:22:39.296] [bmv2] [D] [thread 13102] [1.0] [cxt 0] Transmitting packet of size 54 out of port 1
[17:22:44.788] [bmv2] [D] [thread 13097] [2.0] [cxt 0] Processing packet received on port 1
[17:22:44.788] [bmv2] [D] [thread 13097] [2.0] [cxt 0] Parser 'parser': start
[17:22:44.788] [bmv2] [D] [thread 13097] [2.0] [cxt 0] Parser 'parser' entering state 'start'
[17:22:44.788] [bmv2] [D] [thread 13097] [2.0] [cxt 0] Extracting header 'ethernet'
[17:22:44.788] [bmv2] [D] [thread 13097] [2.0] [cxt 0] Parser state 'start': key is 0800
[17:22:44.788] [bmv2] [T] [thread 13097] [2.0] [cxt 0] Bytes parsed: 14
[17:22:44.788] [bmv2] [D] [thread 13097] [2.0] [cxt 0] Parser 'parser' entering state 'parse_ipv4'
[17:22:44.788] [bmv2] [D] [thread 13097] [2.0] [cxt 0] Extracting header 'ipv4'
[17:22:44.788] [bmv2] [D] [thread 13097] [2.0] [cxt 0] Parser state 'parse_ipv4': key is 06
[17:22:44.788] [bmv2] [T] [thread 13097] [2.0] [cxt 0] Bytes parsed: 34
[17:22:44.788] [bmv2] [D] [thread 13097] [2.0] [cxt 0] Parser 'parser' entering state 'parse_tcp'
[17:22:44.788] [bmv2] [D] [thread 13097] [2.0] [cxt 0] Extracting header 'tcp'
[17:22:44.788] [bmv2] [D] [thread 13097] [2.0] [cxt 0] Parser state 'parse_tcp' has no switch, going to default next state
[17:22:44.788] [bmv2] [T] [thread 13097] [2.0] [cxt 0] Bytes parsed: 54
[17:22:44.788] [bmv2] [D] [thread 13097] [2.0] [cxt 0] Parser 'parser': end
[17:22:44.788] [bmv2] [D] [thread 13097] [2.0] [cxt 0] Pipeline 'ingress': start
[17:22:44.788] [bmv2] [T] [thread 13097] [2.0] [cxt 0] /home/p4/Desktop/p4/p4_rtt/ingress.p4(98) Condition "hdr.ipv4.isValid()" (node_2) is true
[17:22:44.788] [bmv2] [T] [thread 13097] [2.0] [cxt 0] Applying table 'MyIngress.forwarding'
[17:22:44.788] [bmv2] [D] [thread 13097] [2.0] [cxt 0] Looking up key:
* standard_metadata.ingress_port: 0001

[17:22:44.788] [bmv2] [D] [thread 13097] [2.0] [cxt 0] Table 'MyIngress.forwarding': hit with handle 0
[17:22:44.788] [bmv2] [D] [thread 13097] [2.0] [cxt 0] Dumping entry 0
Match key:
* standard_metadata.ingress_port: EXACT     0001
Action entry: MyIngress.forward - 2,

[17:22:44.788] [bmv2] [D] [thread 13097] [2.0] [cxt 0] Action entry is MyIngress.forward - 2,
[17:22:44.788] [bmv2] [T] [thread 13097] [2.0] [cxt 0] Action MyIngress.forward
[17:22:44.788] [bmv2] [T] [thread 13097] [2.0] [cxt 0] /home/p4/Desktop/p4/p4_rtt/ingress.p4(68) Primitive standard_metadata.egress_spec = port
[17:22:44.788] [bmv2] [T] [thread 13097] [2.0] [cxt 0] /home/p4/Desktop/p4/p4_rtt/ingress.p4(23) Primitive meta.flowID = hdr.ipv4.srcAddr ++ hdr.ipv4.dstAddr ++ hdr.tcp.srcPort ++ hdr.tcp.dstPort
[17:22:44.788] [bmv2] [T] [thread 13097] [2.0] [cxt 0] /home/p4/Desktop/p4/p4_rtt/ingress.p4(23) Primitive hdr.ipv4.srcAddr ++ hdr.ipv4.dstAddr ++ hdr.tcp.srcPort ++ hdr.tcp.dstPort
[17:22:44.788] [bmv2] [T] [thread 13097] [2.0] [cxt 0] /home/p4/Desktop/p4/p4_rtt/ingress.p4(27) Primitive hash(meta.hash_key, ...
[17:22:44.788] [bmv2] [T] [thread 13097] [2.0] [cxt 0] hash(base=0, max=120) = 41
[17:22:44.788] [bmv2] [T] [thread 13097] [2.0] [cxt 0] /home/p4/Desktop/p4/p4_rtt/ingress.p4(38) Primitive timestamp.read(previous_timestamp, meta.hash_key)
[17:22:44.788] [bmv2] [T] [thread 13097] [2.0] [cxt 0] Read register 'timestamp' at index 41 read value 67129479
[17:22:44.788] [bmv2] [T] [thread 13097] [2.0] [cxt 0] /home/p4/Desktop/p4/p4_rtt/ingress.p4(39) Primitive arr.read(flow_cnt,meta.hash_key)
[17:22:44.788] [bmv2] [T] [thread 13097] [2.0] [cxt 0] Read register 'arr' at index 41 read value 1
[17:22:44.788] [bmv2] [T] [thread 13097] [2.0] [cxt 0] /home/p4/Desktop/p4/p4_rtt/ingress.p4(40) Primitive total_flows.read(cnt,0)
[17:22:44.788] [bmv2] [T] [thread 13097] [2.0] [cxt 0] Read register 'total_flows' at index 0 read value 0
[17:22:44.788] [bmv2] [T] [thread 13097] [2.0] [cxt 0] Primitive (no source info)
[17:22:44.788] [bmv2] [T] [thread 13097] [2.0] [cxt 0] Primitive (no source info)
[17:22:44.788] [bmv2] [T] [thread 13097] [2.0] [cxt 0] Primitive (no source info)
[17:22:44.788] [bmv2] [T] [thread 13097] [2.0] [cxt 0] /home/p4/Desktop/p4/p4_rtt/ingress.p4(53) Primitive timestamp.write(meta.hash_key, current_timestamp)
[17:22:44.788] [bmv2] [T] [thread 13097] [2.0] [cxt 0] Wrote register 'timestamp' at index 41 with value 72634711
[17:22:44.788] [bmv2] [T] [thread 13097] [2.0] [cxt 0] /home/p4/Desktop/p4/p4_rtt/ingress.p4(54) Primitive arr.write(meta.hash_key,flow_cnt)
[17:22:44.789] [bmv2] [T] [thread 13097] [2.0] [cxt 0] Wrote register 'arr' at index 41 with value 1
[17:22:44.789] [bmv2] [T] [thread 13097] [2.0] [cxt 0] /home/p4/Desktop/p4/p4_rtt/ingress.p4(55) Primitive total_flows.write(0,cnt)
[17:22:44.789] [bmv2] [T] [thread 13097] [2.0] [cxt 0] Wrote register 'total_flows' at index 0 with value 1
[17:22:44.789] [bmv2] [T] [thread 13097] [2.0] [cxt 0] /home/p4/Desktop/p4/p4_rtt/ingress.p4(104) Condition "hdr.tcp.isValid()" (node_5) is true
[17:22:44.789] [bmv2] [T] [thread 13097] [2.0] [cxt 0] /home/p4/Desktop/p4/p4_rtt/ingress.p4(105) Condition "hdr.tcp.rst != 1w1" (node_6) is true
[17:22:44.789] [bmv2] [T] [thread 13097] [2.0] [cxt 0] Applying table 'MyIngress.tcp_flag_ack_match'
[17:22:44.789] [bmv2] [D] [thread 13097] [2.0] [cxt 0] Looking up key:
* hdr.tcp.ack         : 00

[17:22:44.789] [bmv2] [D] [thread 13097] [2.0] [cxt 0] Table 'MyIngress.tcp_flag_ack_match': miss
[17:22:44.789] [bmv2] [D] [thread 13097] [2.0] [cxt 0] Action entry is MyIngress.attach_ingress_global_timestamp - 
[17:22:44.789] [bmv2] [T] [thread 13097] [2.0] [cxt 0] Action MyIngress.attach_ingress_global_timestamp
[17:22:44.789] [bmv2] [T] [thread 13097] [2.0] [cxt 0] /home/p4/Desktop/p4/p4_rtt/ingress.p4(64) Primitive hdr.ethernet.srcAddr = standard_metadata.ingress_global_timestamp
[17:22:44.789] [bmv2] [D] [thread 13097] [2.0] [cxt 0] Pipeline 'ingress': end
[17:22:44.789] [bmv2] [D] [thread 13097] [2.0] [cxt 0] Egress port is 2
[17:22:44.789] [bmv2] [D] [thread 13100] [2.0] [cxt 0] Pipeline 'egress': start
[17:22:44.789] [bmv2] [T] [thread 13100] [2.0] [cxt 0] /home/p4/Desktop/p4/p4_rtt/egress.p4(28) Condition "hdr.tcp.isValid()" (node_11) is true
[17:22:44.789] [bmv2] [T] [thread 13100] [2.0] [cxt 0] /home/p4/Desktop/p4/p4_rtt/egress.p4(29) Condition "hdr.tcp.rst != 1w1" (node_12) is true
[17:22:44.789] [bmv2] [T] [thread 13100] [2.0] [cxt 0] Applying table 'MyEgress.tcp_flag_ack_match'
[17:22:44.789] [bmv2] [D] [thread 13100] [2.0] [cxt 0] Looking up key:
* hdr.tcp.ack         : 00

[17:22:44.789] [bmv2] [D] [thread 13100] [2.0] [cxt 0] Table 'MyEgress.tcp_flag_ack_match': miss
[17:22:44.789] [bmv2] [D] [thread 13100] [2.0] [cxt 0] Action entry is NoAction - 
[17:22:44.789] [bmv2] [T] [thread 13100] [2.0] [cxt 0] Action NoAction
[17:22:44.789] [bmv2] [D] [thread 13100] [2.0] [cxt 0] Pipeline 'egress': end
[17:22:44.789] [bmv2] [D] [thread 13100] [2.0] [cxt 0] Deparser 'deparser': start
[17:22:44.789] [bmv2] [D] [thread 13100] [2.0] [cxt 0] Deparsing header 'ethernet'
[17:22:44.789] [bmv2] [D] [thread 13100] [2.0] [cxt 0] Deparsing header 'ipv4'
[17:22:44.789] [bmv2] [D] [thread 13100] [2.0] [cxt 0] Deparsing header 'tcp'
[17:22:44.789] [bmv2] [D] [thread 13100] [2.0] [cxt 0] Deparser 'deparser': end
[17:22:44.789] [bmv2] [D] [thread 13102] [2.0] [cxt 0] Transmitting packet of size 54 out of port 2
[17:22:44.795] [bmv2] [D] [thread 13097] [3.0] [cxt 0] Processing packet received on port 2
[17:22:44.795] [bmv2] [D] [thread 13097] [3.0] [cxt 0] Parser 'parser': start
[17:22:44.795] [bmv2] [D] [thread 13097] [3.0] [cxt 0] Parser 'parser' entering state 'start'
[17:22:44.795] [bmv2] [D] [thread 13097] [3.0] [cxt 0] Extracting header 'ethernet'
[17:22:44.795] [bmv2] [D] [thread 13097] [3.0] [cxt 0] Parser state 'start': key is 0800
[17:22:44.795] [bmv2] [T] [thread 13097] [3.0] [cxt 0] Bytes parsed: 14
[17:22:44.795] [bmv2] [D] [thread 13097] [3.0] [cxt 0] Parser 'parser' entering state 'parse_ipv4'
[17:22:44.795] [bmv2] [D] [thread 13097] [3.0] [cxt 0] Extracting header 'ipv4'
[17:22:44.795] [bmv2] [D] [thread 13097] [3.0] [cxt 0] Parser state 'parse_ipv4': key is 06
[17:22:44.795] [bmv2] [T] [thread 13097] [3.0] [cxt 0] Bytes parsed: 34
[17:22:44.795] [bmv2] [D] [thread 13097] [3.0] [cxt 0] Parser 'parser' entering state 'parse_tcp'
[17:22:44.795] [bmv2] [D] [thread 13097] [3.0] [cxt 0] Extracting header 'tcp'
[17:22:44.795] [bmv2] [D] [thread 13097] [3.0] [cxt 0] Parser state 'parse_tcp' has no switch, going to default next state
[17:22:44.795] [bmv2] [T] [thread 13097] [3.0] [cxt 0] Bytes parsed: 54
[17:22:44.795] [bmv2] [D] [thread 13097] [3.0] [cxt 0] Parser 'parser': end
[17:22:44.795] [bmv2] [D] [thread 13097] [3.0] [cxt 0] Pipeline 'ingress': start
[17:22:44.795] [bmv2] [T] [thread 13097] [3.0] [cxt 0] /home/p4/Desktop/p4/p4_rtt/ingress.p4(98) Condition "hdr.ipv4.isValid()" (node_2) is true
[17:22:44.795] [bmv2] [T] [thread 13097] [3.0] [cxt 0] Applying table 'MyIngress.forwarding'
[17:22:44.795] [bmv2] [D] [thread 13097] [3.0] [cxt 0] Looking up key:
* standard_metadata.ingress_port: 0002

[17:22:44.795] [bmv2] [D] [thread 13097] [3.0] [cxt 0] Table 'MyIngress.forwarding': hit with handle 1
[17:22:44.795] [bmv2] [D] [thread 13097] [3.0] [cxt 0] Dumping entry 1
Match key:
* standard_metadata.ingress_port: EXACT     0002
Action entry: MyIngress.forward - 1,

[17:22:44.795] [bmv2] [D] [thread 13097] [3.0] [cxt 0] Action entry is MyIngress.forward - 1,
[17:22:44.795] [bmv2] [T] [thread 13097] [3.0] [cxt 0] Action MyIngress.forward
[17:22:44.795] [bmv2] [T] [thread 13097] [3.0] [cxt 0] /home/p4/Desktop/p4/p4_rtt/ingress.p4(68) Primitive standard_metadata.egress_spec = port
[17:22:44.795] [bmv2] [T] [thread 13097] [3.0] [cxt 0] /home/p4/Desktop/p4/p4_rtt/ingress.p4(23) Primitive meta.flowID = hdr.ipv4.srcAddr ++ hdr.ipv4.dstAddr ++ hdr.tcp.srcPort ++ hdr.tcp.dstPort
[17:22:44.795] [bmv2] [T] [thread 13097] [3.0] [cxt 0] /home/p4/Desktop/p4/p4_rtt/ingress.p4(23) Primitive hdr.ipv4.srcAddr ++ hdr.ipv4.dstAddr ++ hdr.tcp.srcPort ++ hdr.tcp.dstPort
[17:22:44.795] [bmv2] [T] [thread 13097] [3.0] [cxt 0] /home/p4/Desktop/p4/p4_rtt/ingress.p4(27) Primitive hash(meta.hash_key, ...
[17:22:44.795] [bmv2] [T] [thread 13097] [3.0] [cxt 0] hash(base=0, max=120) = 28
[17:22:44.795] [bmv2] [T] [thread 13097] [3.0] [cxt 0] /home/p4/Desktop/p4/p4_rtt/ingress.p4(38) Primitive timestamp.read(previous_timestamp, meta.hash_key)
[17:22:44.795] [bmv2] [T] [thread 13097] [3.0] [cxt 0] Read register 'timestamp' at index 28 read value 0
[17:22:44.795] [bmv2] [T] [thread 13097] [3.0] [cxt 0] /home/p4/Desktop/p4/p4_rtt/ingress.p4(39) Primitive arr.read(flow_cnt,meta.hash_key)
[17:22:44.795] [bmv2] [T] [thread 13097] [3.0] [cxt 0] Read register 'arr' at index 28 read value 0
[17:22:44.795] [bmv2] [T] [thread 13097] [3.0] [cxt 0] /home/p4/Desktop/p4/p4_rtt/ingress.p4(40) Primitive total_flows.read(cnt,0)
[17:22:44.795] [bmv2] [T] [thread 13097] [3.0] [cxt 0] Read register 'total_flows' at index 0 read value 1
[17:22:44.795] [bmv2] [T] [thread 13097] [3.0] [cxt 0] Primitive (no source info)
[17:22:44.795] [bmv2] [T] [thread 13097] [3.0] [cxt 0] Primitive (no source info)
[17:22:44.795] [bmv2] [T] [thread 13097] [3.0] [cxt 0] Primitive (no source info)
[17:22:44.795] [bmv2] [T] [thread 13097] [3.0] [cxt 0] /home/p4/Desktop/p4/p4_rtt/ingress.p4(53) Primitive timestamp.write(meta.hash_key, current_timestamp)
[17:22:44.795] [bmv2] [T] [thread 13097] [3.0] [cxt 0] Wrote register 'timestamp' at index 28 with value 72641316
[17:22:44.795] [bmv2] [T] [thread 13097] [3.0] [cxt 0] /home/p4/Desktop/p4/p4_rtt/ingress.p4(54) Primitive arr.write(meta.hash_key,flow_cnt)
[17:22:44.795] [bmv2] [T] [thread 13097] [3.0] [cxt 0] Wrote register 'arr' at index 28 with value 1
[17:22:44.795] [bmv2] [T] [thread 13097] [3.0] [cxt 0] /home/p4/Desktop/p4/p4_rtt/ingress.p4(55) Primitive total_flows.write(0,cnt)
[17:22:44.795] [bmv2] [T] [thread 13097] [3.0] [cxt 0] Wrote register 'total_flows' at index 0 with value 1
[17:22:44.795] [bmv2] [T] [thread 13097] [3.0] [cxt 0] /home/p4/Desktop/p4/p4_rtt/ingress.p4(104) Condition "hdr.tcp.isValid()" (node_5) is true
[17:22:44.795] [bmv2] [T] [thread 13097] [3.0] [cxt 0] /home/p4/Desktop/p4/p4_rtt/ingress.p4(105) Condition "hdr.tcp.rst != 1w1" (node_6) is true
[17:22:44.795] [bmv2] [T] [thread 13097] [3.0] [cxt 0] Applying table 'MyIngress.tcp_flag_ack_match'
[17:22:44.795] [bmv2] [D] [thread 13097] [3.0] [cxt 0] Looking up key:
* hdr.tcp.ack         : 01

[17:22:44.795] [bmv2] [D] [thread 13097] [3.0] [cxt 0] Table 'MyIngress.tcp_flag_ack_match': miss
[17:22:44.795] [bmv2] [D] [thread 13097] [3.0] [cxt 0] Action entry is MyIngress.attach_ingress_global_timestamp - 
[17:22:44.795] [bmv2] [T] [thread 13097] [3.0] [cxt 0] Action MyIngress.attach_ingress_global_timestamp
[17:22:44.795] [bmv2] [T] [thread 13097] [3.0] [cxt 0] /home/p4/Desktop/p4/p4_rtt/ingress.p4(64) Primitive hdr.ethernet.srcAddr = standard_metadata.ingress_global_timestamp
[17:22:44.795] [bmv2] [D] [thread 13097] [3.0] [cxt 0] Pipeline 'ingress': end
[17:22:44.795] [bmv2] [D] [thread 13097] [3.0] [cxt 0] Egress port is 1
[17:22:44.796] [bmv2] [D] [thread 13099] [3.0] [cxt 0] Pipeline 'egress': start
[17:22:44.796] [bmv2] [T] [thread 13099] [3.0] [cxt 0] /home/p4/Desktop/p4/p4_rtt/egress.p4(28) Condition "hdr.tcp.isValid()" (node_11) is true
[17:22:44.796] [bmv2] [T] [thread 13099] [3.0] [cxt 0] /home/p4/Desktop/p4/p4_rtt/egress.p4(29) Condition "hdr.tcp.rst != 1w1" (node_12) is true
[17:22:44.796] [bmv2] [T] [thread 13099] [3.0] [cxt 0] Applying table 'MyEgress.tcp_flag_ack_match'
[17:22:44.796] [bmv2] [D] [thread 13099] [3.0] [cxt 0] Looking up key:
* hdr.tcp.ack         : 01

[17:22:44.796] [bmv2] [D] [thread 13099] [3.0] [cxt 0] Table 'MyEgress.tcp_flag_ack_match': hit with handle 0
[17:22:44.796] [bmv2] [D] [thread 13099] [3.0] [cxt 0] Dumping entry 0
Match key:
* hdr.tcp.ack         : EXACT     01
Action entry: MyEgress.rtt - 

[17:22:44.796] [bmv2] [D] [thread 13099] [3.0] [cxt 0] Action entry is MyEgress.rtt - 
[17:22:44.796] [bmv2] [T] [thread 13099] [3.0] [cxt 0] Action MyEgress.rtt
[17:22:44.796] [bmv2] [T] [thread 13099] [3.0] [cxt 0] /home/p4/Desktop/p4/p4_rtt/egress.p4(13) Primitive standard_metadata.egress_global_timestamp - hdr.ethernet.srcAddr
[17:22:44.796] [bmv2] [T] [thread 13099] [3.0] [cxt 0] /home/p4/Desktop/p4/p4_rtt/egress.p4(13) Primitive rtt_val.write(0, standard_metadata.egress_global_timestamp - hdr.ethernet.srcAddr)
[17:22:44.796] [bmv2] [T] [thread 13099] [3.0] [cxt 0] Wrote register 'rtt_val' at index 0 with value 1089
[17:22:44.796] [bmv2] [T] [thread 13099] [3.0] [cxt 0] /home/p4/Desktop/p4/p4_rtt/egress.p4(14) Primitive hdr.ethernet.srcAddr = standard_metadata.egress_global_timestamp - hdr.ethernet.srcAddr
[17:22:44.796] [bmv2] [D] [thread 13099] [3.0] [cxt 0] Pipeline 'egress': end
[17:22:44.796] [bmv2] [D] [thread 13099] [3.0] [cxt 0] Deparser 'deparser': start
[17:22:44.796] [bmv2] [D] [thread 13099] [3.0] [cxt 0] Deparsing header 'ethernet'
[17:22:44.796] [bmv2] [D] [thread 13099] [3.0] [cxt 0] Deparsing header 'ipv4'
[17:22:44.796] [bmv2] [D] [thread 13099] [3.0] [cxt 0] Deparsing header 'tcp'
[17:22:44.796] [bmv2] [D] [thread 13099] [3.0] [cxt 0] Deparser 'deparser': end
[17:22:44.797] [bmv2] [D] [thread 13102] [3.0] [cxt 0] Transmitting packet of size 54 out of port 1
[17:23:10.553] [bmv2] [T] [thread 13549] bm_get_config
[17:23:10.559] [bmv2] [T] [thread 13549] bm_mt_get_entries
[17:23:10.559] [bmv2] [T] [thread 13549] bm_mt_get_entries
[17:23:10.560] [bmv2] [T] [thread 13549] bm_mt_get_entries
[17:23:10.560] [bmv2] [T] [thread 13549] bm_register_read_all
[17:23:10.561] [bmv2] [T] [thread 13549] bm_register_read_all
open: No such file or directory
