Warning: you requested the nanomsg event logger, but bmv2 was compiled without -DBMELOG, and the event logger cannot be activated
Calling target program-options parser
[20:20:05.833] [bmv2] [D] [thread 4162] Set default default entry for table 'MyIngress.forwarding': MyIngress.drop - 
[20:20:05.842] [bmv2] [D] [thread 4162] Set default default entry for table 'MyIngress.tcp_flag_ack_match': NoAction - 
[20:20:05.842] [bmv2] [D] [thread 4162] Set default default entry for table 'tbl_drop': MyIngress.drop - 
[20:20:05.842] [bmv2] [D] [thread 4162] Set default default entry for table 'MyEgress.tcp_flag_ack_match': MyEgress.delay - 
[20:20:05.842] [bmv2] [D] [thread 4162] Set default default entry for table 'tbl_drop_0': MyEgress.drop - 
Adding interface s2-eth1 as port 1
[20:20:05.845] [bmv2] [D] [thread 4162] Adding interface s2-eth1 as port 1
Adding interface s2-eth2 as port 2
[20:20:05.862] [bmv2] [D] [thread 4162] Adding interface s2-eth2 as port 2
[20:20:05.865] [bmv2] [I] [thread 4162] Starting Thrift server on port 9091
[20:20:05.865] [bmv2] [I] [thread 4162] Thrift server was started
[20:20:06.003] [bmv2] [D] [thread 4168] [0.0] [cxt 0] Processing packet received on port 1
[20:20:06.003] [bmv2] [D] [thread 4168] [0.0] [cxt 0] Parser 'parser': start
[20:20:06.003] [bmv2] [D] [thread 4168] [0.0] [cxt 0] Parser 'parser' entering state 'start'
[20:20:06.003] [bmv2] [D] [thread 4168] [0.0] [cxt 0] Extracting header 'ethernet'
[20:20:06.003] [bmv2] [D] [thread 4168] [0.0] [cxt 0] Parser state 'start': key is 86dd
[20:20:06.003] [bmv2] [T] [thread 4168] [0.0] [cxt 0] Bytes parsed: 14
[20:20:06.003] [bmv2] [D] [thread 4168] [0.0] [cxt 0] Parser 'parser': end
[20:20:06.003] [bmv2] [D] [thread 4168] [0.0] [cxt 0] Pipeline 'ingress': start
[20:20:06.003] [bmv2] [T] [thread 4168] [0.0] [cxt 0] /home/p4/Desktop/p4/processing-delay/ingress.p4(42) Condition "hdr.ipv4.isValid()" (node_2) is false
[20:20:06.003] [bmv2] [T] [thread 4168] [0.0] [cxt 0] /home/p4/Desktop/p4/processing-delay/ingress.p4(45) Condition "hdr.tcp.isValid()" (node_4) is false
[20:20:06.003] [bmv2] [D] [thread 4168] [0.0] [cxt 0] Pipeline 'ingress': end
[20:20:06.003] [bmv2] [D] [thread 4168] [0.0] [cxt 0] Egress port is 0
[20:20:06.003] [bmv2] [D] [thread 4168] [1.0] [cxt 0] Processing packet received on port 2
[20:20:06.003] [bmv2] [D] [thread 4168] [1.0] [cxt 0] Parser 'parser': start
[20:20:06.003] [bmv2] [D] [thread 4168] [1.0] [cxt 0] Parser 'parser' entering state 'start'
[20:20:06.003] [bmv2] [D] [thread 4168] [1.0] [cxt 0] Extracting header 'ethernet'
[20:20:06.003] [bmv2] [D] [thread 4168] [1.0] [cxt 0] Parser state 'start': key is 86dd
[20:20:06.003] [bmv2] [T] [thread 4168] [1.0] [cxt 0] Bytes parsed: 14
[20:20:06.003] [bmv2] [D] [thread 4168] [1.0] [cxt 0] Parser 'parser': end
[20:20:06.003] [bmv2] [D] [thread 4168] [1.0] [cxt 0] Pipeline 'ingress': start
[20:20:06.003] [bmv2] [T] [thread 4168] [1.0] [cxt 0] /home/p4/Desktop/p4/processing-delay/ingress.p4(42) Condition "hdr.ipv4.isValid()" (node_2) is false
[20:20:06.003] [bmv2] [T] [thread 4168] [1.0] [cxt 0] /home/p4/Desktop/p4/processing-delay/ingress.p4(45) Condition "hdr.tcp.isValid()" (node_4) is false
[20:20:06.003] [bmv2] [D] [thread 4168] [1.0] [cxt 0] Pipeline 'ingress': end
[20:20:06.003] [bmv2] [D] [thread 4168] [1.0] [cxt 0] Egress port is 0
[20:20:06.003] [bmv2] [D] [thread 4169] [0.0] [cxt 0] Pipeline 'egress': start
[20:20:06.003] [bmv2] [T] [thread 4169] [0.0] [cxt 0] /home/p4/Desktop/p4/processing-delay/egress.p4(50) Condition "hdr.tcp.isValid()" (node_10) is false
[20:20:06.003] [bmv2] [D] [thread 4169] [0.0] [cxt 0] Pipeline 'egress': end
[20:20:06.003] [bmv2] [D] [thread 4169] [0.0] [cxt 0] Deparser 'deparser': start
[20:20:06.003] [bmv2] [D] [thread 4169] [0.0] [cxt 0] Deparsing header 'ethernet'
[20:20:06.003] [bmv2] [D] [thread 4169] [0.0] [cxt 0] Deparser 'deparser': end
[20:20:06.003] [bmv2] [D] [thread 4169] [1.0] [cxt 0] Pipeline 'egress': start
[20:20:06.003] [bmv2] [T] [thread 4169] [1.0] [cxt 0] /home/p4/Desktop/p4/processing-delay/egress.p4(50) Condition "hdr.tcp.isValid()" (node_10) is false
[20:20:06.003] [bmv2] [D] [thread 4169] [1.0] [cxt 0] Pipeline 'egress': end
[20:20:06.003] [bmv2] [D] [thread 4169] [1.0] [cxt 0] Deparser 'deparser': start
[20:20:06.004] [bmv2] [D] [thread 4169] [1.0] [cxt 0] Deparsing header 'ethernet'
[20:20:06.004] [bmv2] [D] [thread 4169] [1.0] [cxt 0] Deparser 'deparser': end
[20:20:06.004] [bmv2] [D] [thread 4173] [0.0] [cxt 0] Transmitting packet of size 86 out of port 0
[20:20:06.004] [bmv2] [D] [thread 4173] [1.0] [cxt 0] Transmitting packet of size 86 out of port 0
[20:20:06.489] [bmv2] [T] [thread 4242] bm_get_config
[20:20:06.512] [bmv2] [T] [thread 4242] bm_table_add_entry
[20:20:06.512] [bmv2] [D] [thread 4242] Entry 0 added to table 'MyIngress.forwarding'
[20:20:06.512] [bmv2] [D] [thread 4242] Dumping entry 0
Match key:
* standard_metadata.ingress_port: EXACT     0001
Action entry: MyIngress.forward - 2,

[20:20:06.513] [bmv2] [T] [thread 4242] bm_table_add_entry
[20:20:06.513] [bmv2] [D] [thread 4242] Entry 1 added to table 'MyIngress.forwarding'
[20:20:06.513] [bmv2] [D] [thread 4242] Dumping entry 1
Match key:
* standard_metadata.ingress_port: EXACT     0002
Action entry: MyIngress.forward - 1,

[20:20:06.513] [bmv2] [T] [thread 4242] bm_table_add_entry
[20:20:06.513] [bmv2] [D] [thread 4242] Entry 0 added to table 'MyEgress.tcp_flag_ack_match'
[20:20:06.513] [bmv2] [D] [thread 4242] Dumping entry 0
Match key:
* hdr.tcp.ack         : EXACT     01
Action entry: MyEgress.delay - 

[20:20:43.006] [bmv2] [D] [thread 4168] [2.0] [cxt 0] Processing packet received on port 1
[20:20:43.006] [bmv2] [D] [thread 4168] [2.0] [cxt 0] Parser 'parser': start
[20:20:43.006] [bmv2] [D] [thread 4168] [2.0] [cxt 0] Parser 'parser' entering state 'start'
[20:20:43.006] [bmv2] [D] [thread 4168] [2.0] [cxt 0] Extracting header 'ethernet'
[20:20:43.006] [bmv2] [D] [thread 4168] [2.0] [cxt 0] Parser state 'start': key is 0800
[20:20:43.006] [bmv2] [T] [thread 4168] [2.0] [cxt 0] Bytes parsed: 14
[20:20:43.006] [bmv2] [D] [thread 4168] [2.0] [cxt 0] Parser 'parser' entering state 'parse_ipv4'
[20:20:43.006] [bmv2] [D] [thread 4168] [2.0] [cxt 0] Extracting header 'ipv4'
[20:20:43.006] [bmv2] [D] [thread 4168] [2.0] [cxt 0] Parser state 'parse_ipv4': key is 06
[20:20:43.006] [bmv2] [T] [thread 4168] [2.0] [cxt 0] Bytes parsed: 34
[20:20:43.006] [bmv2] [D] [thread 4168] [2.0] [cxt 0] Parser 'parser' entering state 'parse_tcp'
[20:20:43.006] [bmv2] [D] [thread 4168] [2.0] [cxt 0] Extracting header 'tcp'
[20:20:43.006] [bmv2] [D] [thread 4168] [2.0] [cxt 0] Parser state 'parse_tcp' has no switch, going to default next state
[20:20:43.006] [bmv2] [T] [thread 4168] [2.0] [cxt 0] Bytes parsed: 54
[20:20:43.006] [bmv2] [D] [thread 4168] [2.0] [cxt 0] Parser 'parser': end
[20:20:43.006] [bmv2] [D] [thread 4168] [2.0] [cxt 0] Pipeline 'ingress': start
[20:20:43.006] [bmv2] [T] [thread 4168] [2.0] [cxt 0] /home/p4/Desktop/p4/processing-delay/ingress.p4(42) Condition "hdr.ipv4.isValid()" (node_2) is true
[20:20:43.006] [bmv2] [T] [thread 4168] [2.0] [cxt 0] Applying table 'MyIngress.forwarding'
[20:20:43.006] [bmv2] [D] [thread 4168] [2.0] [cxt 0] Looking up key:
* standard_metadata.ingress_port: 0001

[20:20:43.006] [bmv2] [D] [thread 4168] [2.0] [cxt 0] Table 'MyIngress.forwarding': hit with handle 0
[20:20:43.006] [bmv2] [D] [thread 4168] [2.0] [cxt 0] Dumping entry 0
Match key:
* standard_metadata.ingress_port: EXACT     0001
Action entry: MyIngress.forward - 2,

[20:20:43.006] [bmv2] [D] [thread 4168] [2.0] [cxt 0] Action entry is MyIngress.forward - 2,
[20:20:43.006] [bmv2] [T] [thread 4168] [2.0] [cxt 0] Action MyIngress.forward
[20:20:43.006] [bmv2] [T] [thread 4168] [2.0] [cxt 0] /home/p4/Desktop/p4/processing-delay/ingress.p4(16) Primitive standard_metadata.egress_spec = port
[20:20:43.007] [bmv2] [T] [thread 4168] [2.0] [cxt 0] /home/p4/Desktop/p4/processing-delay/ingress.p4(45) Condition "hdr.tcp.isValid()" (node_4) is true
[20:20:43.007] [bmv2] [T] [thread 4168] [2.0] [cxt 0] /home/p4/Desktop/p4/processing-delay/ingress.p4(46) Condition "hdr.tcp.rst != 1w1" (node_5) is true
[20:20:43.007] [bmv2] [T] [thread 4168] [2.0] [cxt 0] Applying table 'MyIngress.tcp_flag_ack_match'
[20:20:43.007] [bmv2] [D] [thread 4168] [2.0] [cxt 0] Looking up key:
* hdr.tcp.ack         : 01

[20:20:43.007] [bmv2] [D] [thread 4168] [2.0] [cxt 0] Table 'MyIngress.tcp_flag_ack_match': miss
[20:20:43.007] [bmv2] [D] [thread 4168] [2.0] [cxt 0] Action entry is NoAction - 
[20:20:43.007] [bmv2] [T] [thread 4168] [2.0] [cxt 0] Action NoAction
[20:20:43.007] [bmv2] [D] [thread 4168] [2.0] [cxt 0] Pipeline 'ingress': end
[20:20:43.007] [bmv2] [D] [thread 4168] [2.0] [cxt 0] Egress port is 2
[20:20:43.007] [bmv2] [D] [thread 4171] [2.0] [cxt 0] Pipeline 'egress': start
[20:20:43.007] [bmv2] [T] [thread 4171] [2.0] [cxt 0] /home/p4/Desktop/p4/processing-delay/egress.p4(50) Condition "hdr.tcp.isValid()" (node_10) is true
[20:20:43.007] [bmv2] [T] [thread 4171] [2.0] [cxt 0] /home/p4/Desktop/p4/processing-delay/egress.p4(51) Condition "hdr.tcp.rst != 1w1" (node_11) is true
[20:20:43.007] [bmv2] [T] [thread 4171] [2.0] [cxt 0] Applying table 'MyEgress.tcp_flag_ack_match'
[20:20:43.007] [bmv2] [D] [thread 4171] [2.0] [cxt 0] Looking up key:
* hdr.tcp.ack         : 01

[20:20:43.007] [bmv2] [D] [thread 4171] [2.0] [cxt 0] Table 'MyEgress.tcp_flag_ack_match': hit with handle 0
[20:20:43.007] [bmv2] [D] [thread 4171] [2.0] [cxt 0] Dumping entry 0
Match key:
* hdr.tcp.ack         : EXACT     01
Action entry: MyEgress.delay - 

[20:20:43.007] [bmv2] [D] [thread 4171] [2.0] [cxt 0] Action entry is MyEgress.delay - 
[20:20:43.007] [bmv2] [T] [thread 4171] [2.0] [cxt 0] Action MyEgress.delay
[20:20:43.007] [bmv2] [T] [thread 4171] [2.0] [cxt 0] /home/p4/Desktop/p4/processing-delay/egress.p4(13) Primitive hdr.ethernet.srcAddr = hdr.ethernet.srcAddr + standard_metadata.egress_global_timestamp - standard_metadata.ingress_global_timestamp
[20:20:43.007] [bmv2] [T] [thread 4171] [2.0] [cxt 0] /home/p4/Desktop/p4/processing-delay/egress.p4(14) Primitive process_delay.write(0,hdr.ethernet.srcAddr)
[20:20:43.007] [bmv2] [T] [thread 4171] [2.0] [cxt 0] Wrote register 'process_delay' at index 0 with value 1005
[20:20:43.007] [bmv2] [D] [thread 4171] [2.0] [cxt 0] Pipeline 'egress': end
[20:20:43.007] [bmv2] [D] [thread 4171] [2.0] [cxt 0] Deparser 'deparser': start
[20:20:43.007] [bmv2] [D] [thread 4171] [2.0] [cxt 0] Deparsing header 'ethernet'
[20:20:43.007] [bmv2] [D] [thread 4171] [2.0] [cxt 0] Deparsing header 'ipv4'
[20:20:43.007] [bmv2] [D] [thread 4171] [2.0] [cxt 0] Deparsing header 'tcp'
[20:20:43.007] [bmv2] [D] [thread 4171] [2.0] [cxt 0] Deparser 'deparser': end
[20:20:43.007] [bmv2] [D] [thread 4173] [2.0] [cxt 0] Transmitting packet of size 54 out of port 2
open: No such file or directory
open: No such file or directory
